<?xml version="1.0" encoding="UTF-8"?>
<testng-results ignored="1" total="2" passed="1" failed="0" skipped="0">
  <reporter-output>
  </reporter-output>
  <suite started-at="2022-06-13T10:54:53Z" name="Default suite" finished-at="2022-06-13T10:54:56Z" duration-ms="2302">
    <groups>
    </groups>
    <test started-at="2022-06-13T10:54:53Z" name="Default test" finished-at="2022-06-13T10:54:56Z" duration-ms="2302">
      <class name="RestAPIXML.XMLTest">
        <test-method signature="test2()[pri:0, instance:RestAPIXML.XMLTest@7b8b43c7]" started-at="2022-06-13T10:54:53Z" name="test2" finished-at="2022-06-13T10:54:56Z" duration-ms="2283" status="PASS">
          <reporter-output>
          </reporter-output>
        </test-method> <!-- test2 -->
      </class> <!-- RestAPIXML.XMLTest -->
    </test> <!-- Default test -->
  </suite> <!-- Default suite -->
</testng-results>
